[debug] > Exec(early(addDefaultCommands), None, None)
[debug] > Exec(addDefaultCommands, None, None)
[debug] > Exec(early(initialize), None, None)
[debug] > Exec(initialize, None, None)
[debug] > Exec(early(addPluginSbtFile="""C:\Users\coren\AppData\Local\Temp\idea.sbt"""), None, None)
[debug] > Exec(addPluginSbtFile="""C:\Users\coren\AppData\Local\Temp\idea.sbt""", None, None)
[debug] > Exec(boot, None, None)
[debug] > Exec(writeSbtVersion, None, None)
[debug] > Exec(reload, None, None)
[debug] > Exec(sbtStashOnFailure, None, None)
[debug] > Exec(onFailure loadFailed, None, None)
[debug] > Exec(loadp, None, None)
[info] welcome to sbt 1.5.2 (Oracle Corporation Java 14.0.2)
[debug]       Load.loadUnit: plugins took 370.7004ms
[debug]       Load.loadUnit: defsScala took 4.9315ms
[debug] [Loading] Scanning directory C:\Users\coren\.sbt\1.0\plugins
[debug] [Loading] Found non-root projects 
[debug] [Loading] Done in C:\Users\coren\.sbt\1.0\plugins, returning: ()
[debug] deducing auto plugins based on known facts Set(Atom(sbt.plugins.CorePlugin)) and clauses Clauses(Clause(Atom(sbt.plugins.JvmPlugin),Set(Atom(sbt.plugins.IvyPlugin)))
[debug] Clause(Atom(sbt.ScriptedPlugin),Set(Atom(sbt.plugins.JvmPlugin)))
[debug] Clause(Atom(sbt.plugins.SbtPlugin),Set(Atom(sbt.ScriptedPlugin)))
[debug] Clause(Atom(sbt.plugins.SemanticdbPlugin),Set(Atom(sbt.plugins.JvmPlugin)))
[debug] Clause(Atom(sbt.plugins.JUnitXmlReportPlugin),Set(Atom(sbt.plugins.JvmPlugin)))
[debug] Clause(Atom(sbt.plugins.MiniDependencyTreePlugin),Set(Atom(sbt.plugins.JvmPlugin)))
[debug] Clause(Atom(sbt.plugins.CorePlugin),Set(Atom(sbt.plugins.IvyPlugin)))
[debug] Clause(Atom(sbt.plugins.IvyPlugin),Set(Atom(sbt.plugins.JvmPlugin)))
[debug] Clause(Atom(sbt.plugins.JvmPlugin),Set(Atom(sbt.plugins.SemanticdbPlugin)))
[debug] Clause(Atom(sbt.plugins.JvmPlugin),Set(Atom(sbt.plugins.JUnitXmlReportPlugin)))
[debug] Clause(Atom(sbt.plugins.CorePlugin),Set(Atom(sbt.plugins.Giter8TemplatePlugin)))
[debug] Clause(Atom(sbt.plugins.JvmPlugin),Set(Atom(sbt.plugins.MiniDependencyTreePlugin))))
[debug]   :: deduced result: Matched(sbt.plugins.CorePlugin,sbt.plugins.Giter8TemplatePlugin,sbt.plugins.IvyPlugin,sbt.plugins.JvmPlugin,sbt.plugins.MiniDependencyTreePlugin,sbt.plugins.JUnitXmlReportPlugin,sbt.plugins.SemanticdbPlugin)
[debug] Plugins.deducer#function took 84.4976 ms
[debug]           Load.resolveProject(global-plugins) took 293.2894ms
[debug]         Load.loadTransitive: finalizeProject(Project(id global-plugins, base: C:\Users\coren\.sbt\1.0\plugins, plugins: List(<none>))) took 462.0005ms
[debug] [Loading] Done in C:\Users\coren\.sbt\1.0\plugins, returning: (global-plugins)
[debug]       Load.loadUnit: loadedProjectsRaw took 541.124ms
[debug]       Load.loadUnit: cleanEvalClasses took 0.9102ms
[debug]     Load.loadUnit(file:/C:/Users/coren/.sbt/1.0/plugins/, ...) took 952.4891ms
[debug]   Load.apply: load took 2932.8109ms
[debug]   Load.apply: resolveProjects took 37.535ms
[debug]   Load.apply: finalTransforms took 336.3482ms
[debug]   Load.apply: config.delegates took 22.2445ms
[debug]   Load.apply: Def.make(settings)... took 1795.6374ms
[debug]   Load.apply: structureIndex took 229.2645ms
[debug]   Load.apply: mkStreams took 4.1478ms
[info] loading global plugins from C:\Users\coren\.sbt\1.0\plugins
[debug] Running task... Cancel: Signal, check cycles: false, forcegc: true
[debug] Load.defaultLoad until apply took 17696.8943ms
[debug]           Load.loadUnit: plugins took 471.7215ms
[debug]           Load.loadUnit: defsScala took 0.0127ms
[debug] [Loading] Scanning directory C:\Users\coren\Documents\HEI\HEI5\Scala\Projet\ProjetProgramFonct\projet-scala\project
[debug]             Load.loadUnit: mkEval took 132.2978ms
[debug] [Loading] Found non-root projects 
[debug] [Loading] Done in C:\Users\coren\Documents\HEI\HEI5\Scala\Projet\ProjetProgramFonct\projet-scala\project, returning: ()
[debug] deducing auto plugins based on known facts Set(Atom(sbt.plugins.CorePlugin)) and clauses Clauses(Clause(Atom(sbt.plugins.JvmPlugin),Set(Atom(sbt.plugins.IvyPlugin)))
[debug] Clause(Atom(sbt.ScriptedPlugin),Set(Atom(sbt.plugins.JvmPlugin)))
[debug] Clause(Atom(sbt.plugins.SbtPlugin),Set(Atom(sbt.ScriptedPlugin)))
[debug] Clause(Atom(sbt.plugins.SemanticdbPlugin),Set(Atom(sbt.plugins.JvmPlugin)))
[debug] Clause(Atom(sbt.plugins.JUnitXmlReportPlugin),Set(Atom(sbt.plugins.JvmPlugin)))
[debug] Clause(Atom(sbt.plugins.MiniDependencyTreePlugin),Set(Atom(sbt.plugins.JvmPlugin)))
[debug] Clause(Atom(sbt.plugins.CorePlugin),Set(Atom(sbt.plugins.IvyPlugin)))
[debug] Clause(Atom(sbt.plugins.IvyPlugin),Set(Atom(sbt.plugins.JvmPlugin)))
[debug] Clause(Atom(sbt.plugins.JvmPlugin),Set(Atom(sbt.plugins.SemanticdbPlugin)))
[debug] Clause(Atom(sbt.plugins.JvmPlugin),Set(Atom(sbt.plugins.JUnitXmlReportPlugin)))
[debug] Clause(Atom(sbt.plugins.CorePlugin),Set(Atom(sbt.plugins.Giter8TemplatePlugin)))
[debug] Clause(Atom(sbt.plugins.JvmPlugin),Set(Atom(sbt.plugins.MiniDependencyTreePlugin))))
[debug]   :: deduced result: Matched(sbt.plugins.CorePlugin,sbt.plugins.Giter8TemplatePlugin,sbt.plugins.IvyPlugin,sbt.plugins.JvmPlugin,sbt.plugins.MiniDependencyTreePlugin,sbt.plugins.JUnitXmlReportPlugin,sbt.plugins.SemanticdbPlugin)
[debug] Plugins.deducer#function took 9.0574 ms
[info] loading settings for project projet-scala-build from idea.sbt ...
[debug]               Load.resolveProject(projet-scala-build) took 42.059ms
[debug]             Load.loadTransitive: finalizeProject(Project(id projet-scala-build, base: C:\Users\coren\Documents\HEI\HEI5\Scala\Projet\ProjetProgramFonct\projet-scala\project, plugins: List(<none>))) took 57.8596ms
[debug] [Loading] Done in C:\Users\coren\Documents\HEI\HEI5\Scala\Projet\ProjetProgramFonct\projet-scala\project, returning: (projet-scala-build)
[debug]           Load.loadUnit: loadedProjectsRaw took 32467.5708ms
[debug]           Load.loadUnit: cleanEvalClasses took 113.8476ms
[debug]         Load.loadUnit(file:/C:/Users/coren/Documents/HEI/HEI5/Scala/Projet/ProjetProgramFonct/projet-scala/project/, ...) took 33061.9319ms
[debug]       Load.apply: load took 33118.735ms
[debug]       Load.apply: resolveProjects took 3.9535ms
[debug]       Load.apply: finalTransforms took 73.2713ms
[debug]       Load.apply: config.delegates took 1.2307ms
[debug]       Load.apply: Def.make(settings)... took 321.7103ms
[debug]       Load.apply: structureIndex took 74.0076ms
[debug]       Load.apply: mkStreams took 1.2488ms
[info] loading project definition from C:\Users\coren\Documents\HEI\HEI5\Scala\Projet\ProjetProgramFonct\projet-scala\project
[debug] Running task... Cancel: Signal, check cycles: false, forcegc: true
[warn] Unrecognized repository Scala Plugin Bundled Repository, ignoring it
[warn] 
[warn] 	Note: Some unresolved dependencies have extra attributes.  Check that these dependencies exist with the requested attributes.
[warn] 		org.jetbrains.scala:sbt-structure-extractor:2021.1.1 (sbtVersion=1.0, scalaVersion=2.12)
[warn] 		org.jetbrains.scala:sbt-idea-shell:2021.1.0 (sbtVersion=1.0, scalaVersion=2.12)
[warn] 		org.jetbrains.scala:sbt-idea-compiler-indices:1.0.13 (sbtVersion=1.0, scalaVersion=2.12)
[warn] 
[warn] 	Note: Unresolved dependencies path:
[error] sbt.librarymanagement.ResolveException: Error downloading org.jetbrains.scala:sbt-structure-extractor;sbtVersion=1.0;scalaVersion=2.12:2021.1.1
[error]   Not found
[error]   Not found
[error]   download error: Caught javax.net.ssl.SSLHandshakeException: Remote host terminated the handshake (Remote host terminated the handshake) while downloading https://repo1.maven.org/maven2/org/jetbrains/scala/sbt-structure-extractor_2.12_1.0/2021.1.1/sbt-structure-extractor-2021.1.1.pom
[error]   not found: C:\Users\coren\.ivy2\localorg.jetbrains.scala\sbt-structure-extractor\scala_2.12\sbt_1.0\2021.1.1\ivys\ivy.xml
[error]   download error: Caught javax.net.ssl.SSLHandshakeException: Remote host terminated the handshake (Remote host terminated the handshake) while downloading https://repo.scala-sbt.org/scalasbt/sbt-plugin-releases/org.jetbrains.scala/sbt-structure-extractor/scala_2.12/sbt_1.0/2021.1.1/ivys/ivy.xml
[error]   download error: Caught javax.net.ssl.SSLHandshakeException: Remote host terminated the handshake (Remote host terminated the handshake) while downloading https://repo.typesafe.com/typesafe/ivy-releases/org.jetbrains.scala/sbt-structure-extractor/scala_2.12/sbt_1.0/2021.1.1/ivys/ivy.xml
[error] Error downloading org.jetbrains.scala:sbt-idea-shell;sbtVersion=1.0;scalaVersion=2.12:2021.1.0
[error]   Not found
[error]   Not found
[error]   download error: Caught javax.net.ssl.SSLHandshakeException: Remote host terminated the handshake (Remote host terminated the handshake) while downloading https://repo1.maven.org/maven2/org/jetbrains/scala/sbt-idea-shell_2.12_1.0/2021.1.0/sbt-idea-shell-2021.1.0.pom
[error]   not found: C:\Users\coren\.ivy2\localorg.jetbrains.scala\sbt-idea-shell\scala_2.12\sbt_1.0\2021.1.0\ivys\ivy.xml
[error]   download error: Caught javax.net.ssl.SSLHandshakeException: Remote host terminated the handshake (Remote host terminated the handshake) while downloading https://repo.scala-sbt.org/scalasbt/sbt-plugin-releases/org.jetbrains.scala/sbt-idea-shell/scala_2.12/sbt_1.0/2021.1.0/ivys/ivy.xml
[error]   download error: Caught javax.net.ssl.SSLHandshakeException: Remote host terminated the handshake (Remote host terminated the handshake) while downloading https://repo.typesafe.com/typesafe/ivy-releases/org.jetbrains.scala/sbt-idea-shell/scala_2.12/sbt_1.0/2021.1.0/ivys/ivy.xml
[error] Error downloading org.jetbrains.scala:sbt-idea-compiler-indices;sbtVersion=1.0;scalaVersion=2.12:1.0.13
[error]   Not found
[error]   Not found
[error]   download error: Caught javax.net.ssl.SSLHandshakeException: Remote host terminated the handshake (Remote host terminated the handshake) while downloading https://repo1.maven.org/maven2/org/jetbrains/scala/sbt-idea-compiler-indices_2.12_1.0/1.0.13/sbt-idea-compiler-indices-1.0.13.pom
[error]   not found: C:\Users\coren\.ivy2\localorg.jetbrains.scala\sbt-idea-compiler-indices\scala_2.12\sbt_1.0\1.0.13\ivys\ivy.xml
[error]   download error: Caught javax.net.ssl.SSLHandshakeException: Remote host terminated the handshake (Remote host terminated the handshake) while downloading https://repo.scala-sbt.org/scalasbt/sbt-plugin-releases/org.jetbrains.scala/sbt-idea-compiler-indices/scala_2.12/sbt_1.0/1.0.13/ivys/ivy.xml
[error]   download error: Caught javax.net.ssl.SSLHandshakeException: Remote host terminated the handshake (Remote host terminated the handshake) while downloading https://repo.typesafe.com/typesafe/ivy-releases/org.jetbrains.scala/sbt-idea-compiler-indices/scala_2.12/sbt_1.0/1.0.13/ivys/ivy.xml
[error] 	at lmcoursier.CoursierDependencyResolution.unresolvedWarningOrThrow(CoursierDependencyResolution.scala:258)
[error] 	at lmcoursier.CoursierDependencyResolution.$anonfun$update$38(CoursierDependencyResolution.scala:227)
[error] 	at scala.util.Either$LeftProjection.map(Either.scala:573)
[error] 	at lmcoursier.CoursierDependencyResolution.update(CoursierDependencyResolution.scala:227)
[error] 	at sbt.librarymanagement.DependencyResolution.update(DependencyResolution.scala:60)
[error] 	at sbt.internal.LibraryManagement$.resolve$1(LibraryManagement.scala:59)
[error] 	at sbt.internal.LibraryManagement$.$anonfun$cachedUpdate$12(LibraryManagement.scala:133)
[error] 	at sbt.util.Tracked$.$anonfun$lastOutput$1(Tracked.scala:73)
[error] 	at sbt.internal.LibraryManagement$.$anonfun$cachedUpdate$20(LibraryManagement.scala:146)
[error] 	at scala.util.control.Exception$Catch.apply(Exception.scala:228)
[error] 	at sbt.internal.LibraryManagement$.$anonfun$cachedUpdate$11(LibraryManagement.scala:146)
[error] 	at sbt.internal.LibraryManagement$.$anonfun$cachedUpdate$11$adapted(LibraryManagement.scala:127)
[error] 	at sbt.util.Tracked$.$anonfun$inputChangedW$1(Tracked.scala:219)
[error] 	at sbt.internal.LibraryManagement$.cachedUpdate(LibraryManagement.scala:160)
[error] 	at sbt.Classpaths$.$anonfun$updateTask0$1(Defaults.scala:3667)
[error] 	at scala.Function1.$anonfun$compose$1(Function1.scala:49)
[error] 	at sbt.internal.util.$tilde$greater.$anonfun$$u2219$1(TypeFunctions.scala:62)
[error] 	at sbt.std.Transform$$anon$4.work(Transform.scala:68)
[error] 	at sbt.Execute.$anonfun$submit$2(Execute.scala:282)
[error] 	at sbt.internal.util.ErrorHandling$.wideConvert(ErrorHandling.scala:23)
[error] 	at sbt.Execute.work(Execute.scala:291)
[error] 	at sbt.Execute.$anonfun$submit$1(Execute.scala:282)
[error] 	at sbt.ConcurrentRestrictions$$anon$4.$anonfun$submitValid$1(ConcurrentRestrictions.scala:265)
[error] 	at sbt.CompletionService$$anon$2.call(CompletionService.scala:64)
[error] 	at java.base/java.util.concurrent.FutureTask.run(FutureTask.java:264)
[error] 	at java.base/java.util.concurrent.Executors$RunnableAdapter.call(Executors.java:515)
[error] 	at java.base/java.util.concurrent.FutureTask.run(FutureTask.java:264)
[error] 	at java.base/java.util.concurrent.ThreadPoolExecutor.runWorker(ThreadPoolExecutor.java:1130)
[error] 	at java.base/java.util.concurrent.ThreadPoolExecutor$Worker.run(ThreadPoolExecutor.java:630)
[error] 	at java.base/java.lang.Thread.run(Thread.java:832)
[error] (update) sbt.librarymanagement.ResolveException: Error downloading org.jetbrains.scala:sbt-structure-extractor;sbtVersion=1.0;scalaVersion=2.12:2021.1.1
[error]   Not found
[error]   Not found
[error]   download error: Caught javax.net.ssl.SSLHandshakeException: Remote host terminated the handshake (Remote host terminated the handshake) while downloading https://repo1.maven.org/maven2/org/jetbrains/scala/sbt-structure-extractor_2.12_1.0/2021.1.1/sbt-structure-extractor-2021.1.1.pom
[error]   not found: C:\Users\coren\.ivy2\localorg.jetbrains.scala\sbt-structure-extractor\scala_2.12\sbt_1.0\2021.1.1\ivys\ivy.xml
[error]   download error: Caught javax.net.ssl.SSLHandshakeException: Remote host terminated the handshake (Remote host terminated the handshake) while downloading https://repo.scala-sbt.org/scalasbt/sbt-plugin-releases/org.jetbrains.scala/sbt-structure-extractor/scala_2.12/sbt_1.0/2021.1.1/ivys/ivy.xml
[error]   download error: Caught javax.net.ssl.SSLHandshakeException: Remote host terminated the handshake (Remote host terminated the handshake) while downloading https://repo.typesafe.com/typesafe/ivy-releases/org.jetbrains.scala/sbt-structure-extractor/scala_2.12/sbt_1.0/2021.1.1/ivys/ivy.xml
[error] Error downloading org.jetbrains.scala:sbt-idea-shell;sbtVersion=1.0;scalaVersion=2.12:2021.1.0
[error]   Not found
[error]   Not found
[error]   download error: Caught javax.net.ssl.SSLHandshakeException: Remote host terminated the handshake (Remote host terminated the handshake) while downloading https://repo1.maven.org/maven2/org/jetbrains/scala/sbt-idea-shell_2.12_1.0/2021.1.0/sbt-idea-shell-2021.1.0.pom
[error]   not found: C:\Users\coren\.ivy2\localorg.jetbrains.scala\sbt-idea-shell\scala_2.12\sbt_1.0\2021.1.0\ivys\ivy.xml
[error]   download error: Caught javax.net.ssl.SSLHandshakeException: Remote host terminated the handshake (Remote host terminated the handshake) while downloading https://repo.scala-sbt.org/scalasbt/sbt-plugin-releases/org.jetbrains.scala/sbt-idea-shell/scala_2.12/sbt_1.0/2021.1.0/ivys/ivy.xml
[error]   download error: Caught javax.net.ssl.SSLHandshakeException: Remote host terminated the handshake (Remote host terminated the handshake) while downloading https://repo.typesafe.com/typesafe/ivy-releases/org.jetbrains.scala/sbt-idea-shell/scala_2.12/sbt_1.0/2021.1.0/ivys/ivy.xml
[error] Error downloading org.jetbrains.scala:sbt-idea-compiler-indices;sbtVersion=1.0;scalaVersion=2.12:1.0.13
[error]   Not found
[error]   Not found
[error]   download error: Caught javax.net.ssl.SSLHandshakeException: Remote host terminated the handshake (Remote host terminated the handshake) while downloading https://repo1.maven.org/maven2/org/jetbrains/scala/sbt-idea-compiler-indices_2.12_1.0/1.0.13/sbt-idea-compiler-indices-1.0.13.pom
[error]   not found: C:\Users\coren\.ivy2\localorg.jetbrains.scala\sbt-idea-compiler-indices\scala_2.12\sbt_1.0\1.0.13\ivys\ivy.xml
[error]   download error: Caught javax.net.ssl.SSLHandshakeException: Remote host terminated the handshake (Remote host terminated the handshake) while downloading https://repo.scala-sbt.org/scalasbt/sbt-plugin-releases/org.jetbrains.scala/sbt-idea-compiler-indices/scala_2.12/sbt_1.0/1.0.13/ivys/ivy.xml
[error]   download error: Caught javax.net.ssl.SSLHandshakeException: Remote host terminated the handshake (Remote host terminated the handshake) while downloading https://repo.typesafe.com/typesafe/ivy-releases/org.jetbrains.scala/sbt-idea-compiler-indices/scala_2.12/sbt_1.0/1.0.13/ivys/ivy.xml
[debug] > Exec(loadFailed, None, None)
[warn] Project loading failed: (r)etry, (q)uit, (l)ast, or (i)gnore? (default: r)
